2026-03-17 03:06:14,042 - INFO - Logging initialized → fighter_id11_20260317_030614.log
2026-03-17 03:06:14,142 - INFO - Using device: mps
2026-03-17 03:06:14,173 - INFO - ✅ Using pre-split dataset at ./aircraft_data
2026-03-17 03:06:14,213 - INFO - ✅ Using pre-split folders → Train: 5678 | Val: 810 | Test: 1620
2026-03-17 03:07:42,315 - WARNING - macOS SSL workaround applied
2026-03-17 03:08:26,865 - INFO - 🚀 STARTING TRAINING | LR=0.001 | Patience=10 | Max Epochs=75 | Device=mps
2026-03-17 03:14:00,286 - INFO - Epoch 1 | Train Acc: 0.0134 | Val Acc: 0.0123 | LR: 0.001000 | Best Val so far: 0.0000
2026-03-17 03:14:00,595 - INFO - ✅ NEW BEST MODEL SAVED at epoch 1 (Val Acc: 0.0123)
2026-03-17 03:19:57,269 - INFO - Epoch 2 | Train Acc: 0.0113 | Val Acc: 0.0136 | LR: 0.000998 | Best Val so far: 0.0123
2026-03-17 03:19:57,517 - INFO - ✅ NEW BEST MODEL SAVED at epoch 2 (Val Acc: 0.0136)
2026-03-17 03:25:51,441 - INFO - Epoch 3 | Train Acc: 0.0160 | Val Acc: 0.0198 | LR: 0.000996 | Best Val so far: 0.0136
2026-03-17 03:25:51,670 - INFO - ✅ NEW BEST MODEL SAVED at epoch 3 (Val Acc: 0.0198)
2026-03-17 03:32:11,454 - INFO - Epoch 4 | Train Acc: 0.0187 | Val Acc: 0.0222 | LR: 0.000993 | Best Val so far: 0.0198
2026-03-17 03:32:11,710 - INFO - ✅ NEW BEST MODEL SAVED at epoch 4 (Val Acc: 0.0222)
2026-03-17 03:39:39,271 - INFO - Epoch 5 | Train Acc: 0.0190 | Val Acc: 0.0272 | LR: 0.000989 | Best Val so far: 0.0222
2026-03-17 03:39:39,527 - INFO - ✅ NEW BEST MODEL SAVED at epoch 5 (Val Acc: 0.0272)
2026-03-17 03:47:41,902 - INFO - Epoch 6 | Train Acc: 0.0208 | Val Acc: 0.0235 | LR: 0.000984 | Best Val so far: 0.0272
2026-03-17 03:47:41,904 - INFO - ⏳ No improvement for 1/10 epochs
2026-03-17 03:55:59,821 - INFO - Epoch 7 | Train Acc: 0.0259 | Val Acc: 0.0309 | LR: 0.000979 | Best Val so far: 0.0272
2026-03-17 03:56:00,087 - INFO - ✅ NEW BEST MODEL SAVED at epoch 7 (Val Acc: 0.0309)
2026-03-17 04:04:29,383 - INFO - Epoch 8 | Train Acc: 0.0291 | Val Acc: 0.0469 | LR: 0.000972 | Best Val so far: 0.0309
2026-03-17 04:04:29,646 - INFO - ✅ NEW BEST MODEL SAVED at epoch 8 (Val Acc: 0.0469)
2026-03-17 04:13:02,441 - INFO - Epoch 9 | Train Acc: 0.0377 | Val Acc: 0.0259 | LR: 0.000965 | Best Val so far: 0.0469
2026-03-17 04:13:02,443 - INFO - ⏳ No improvement for 1/10 epochs
2026-03-17 04:21:32,487 - INFO - Epoch 10 | Train Acc: 0.0398 | Val Acc: 0.0309 | LR: 0.000957 | Best Val so far: 0.0469
2026-03-17 04:21:32,491 - INFO - ⏳ No improvement for 2/10 epochs
2026-03-17 04:30:02,298 - INFO - Epoch 11 | Train Acc: 0.0431 | Val Acc: 0.0506 | LR: 0.000948 | Best Val so far: 0.0469
2026-03-17 04:30:02,578 - INFO - ✅ NEW BEST MODEL SAVED at epoch 11 (Val Acc: 0.0506)
2026-03-17 04:37:54,304 - INFO - Epoch 12 | Train Acc: 0.0454 | Val Acc: 0.0667 | LR: 0.000938 | Best Val so far: 0.0506
2026-03-17 04:37:54,540 - INFO - ✅ NEW BEST MODEL SAVED at epoch 12 (Val Acc: 0.0667)
2026-03-17 04:44:48,390 - INFO - Epoch 13 | Train Acc: 0.0597 | Val Acc: 0.0617 | LR: 0.000928 | Best Val so far: 0.0667
2026-03-17 04:44:48,392 - INFO - ⏳ No improvement for 1/10 epochs
2026-03-17 04:51:50,395 - INFO - Epoch 14 | Train Acc: 0.0646 | Val Acc: 0.0568 | LR: 0.000916 | Best Val so far: 0.0667
2026-03-17 04:51:50,398 - INFO - ⏳ No improvement for 2/10 epochs
2026-03-17 04:58:51,859 - INFO - Epoch 15 | Train Acc: 0.0666 | Val Acc: 0.1000 | LR: 0.000905 | Best Val so far: 0.0667
2026-03-17 04:58:52,106 - INFO - ✅ NEW BEST MODEL SAVED at epoch 15 (Val Acc: 0.1000)
2026-03-17 05:06:05,866 - INFO - Epoch 16 | Train Acc: 0.0747 | Val Acc: 0.0654 | LR: 0.000892 | Best Val so far: 0.1000
2026-03-17 05:06:05,870 - INFO - ⏳ No improvement for 1/10 epochs
2026-03-17 05:13:11,873 - INFO - Epoch 17 | Train Acc: 0.0793 | Val Acc: 0.1049 | LR: 0.000878 | Best Val so far: 0.1000
2026-03-17 05:13:12,245 - INFO - ✅ NEW BEST MODEL SAVED at epoch 17 (Val Acc: 0.1049)
2026-03-17 05:20:17,076 - INFO - Epoch 18 | Train Acc: 0.0847 | Val Acc: 0.1049 | LR: 0.000864 | Best Val so far: 0.1049
2026-03-17 05:20:17,078 - INFO - ⏳ No improvement for 1/10 epochs
2026-03-17 05:28:02,486 - INFO - Epoch 19 | Train Acc: 0.1006 | Val Acc: 0.0963 | LR: 0.000850 | Best Val so far: 0.1049
2026-03-17 05:28:02,488 - INFO - ⏳ No improvement for 2/10 epochs
2026-03-17 05:36:52,562 - INFO - Epoch 20 | Train Acc: 0.1057 | Val Acc: 0.1074 | LR: 0.000835 | Best Val so far: 0.1049
2026-03-17 05:36:52,853 - INFO - ✅ NEW BEST MODEL SAVED at epoch 20 (Val Acc: 0.1074)
2026-03-17 05:45:17,780 - INFO - Epoch 21 | Train Acc: 0.1108 | Val Acc: 0.1247 | LR: 0.000819 | Best Val so far: 0.1074
2026-03-17 05:45:18,134 - INFO - ✅ NEW BEST MODEL SAVED at epoch 21 (Val Acc: 0.1247)
2026-03-17 05:53:53,184 - INFO - Epoch 22 | Train Acc: 0.1192 | Val Acc: 0.1346 | LR: 0.000802 | Best Val so far: 0.1247
2026-03-17 05:53:53,483 - INFO - ✅ NEW BEST MODEL SAVED at epoch 22 (Val Acc: 0.1346)
2026-03-17 06:02:33,784 - INFO - Epoch 23 | Train Acc: 0.1363 | Val Acc: 0.1457 | LR: 0.000785 | Best Val so far: 0.1346
2026-03-17 06:02:34,165 - INFO - ✅ NEW BEST MODEL SAVED at epoch 23 (Val Acc: 0.1457)
2026-03-17 06:11:39,716 - INFO - Epoch 24 | Train Acc: 0.1423 | Val Acc: 0.1556 | LR: 0.000768 | Best Val so far: 0.1457
2026-03-17 06:11:39,978 - INFO - ✅ NEW BEST MODEL SAVED at epoch 24 (Val Acc: 0.1556)
2026-03-17 06:20:36,847 - INFO - Epoch 25 | Train Acc: 0.1571 | Val Acc: 0.1568 | LR: 0.000750 | Best Val so far: 0.1556
2026-03-17 06:20:37,085 - INFO - ✅ NEW BEST MODEL SAVED at epoch 25 (Val Acc: 0.1568)
2026-03-17 06:28:43,181 - INFO - Epoch 26 | Train Acc: 0.1610 | Val Acc: 0.1753 | LR: 0.000732 | Best Val so far: 0.1568
2026-03-17 06:28:43,453 - INFO - ✅ NEW BEST MODEL SAVED at epoch 26 (Val Acc: 0.1753)
2026-03-17 06:36:12,321 - INFO - Epoch 27 | Train Acc: 0.1800 | Val Acc: 0.1914 | LR: 0.000713 | Best Val so far: 0.1753
2026-03-17 06:36:12,569 - INFO - ✅ NEW BEST MODEL SAVED at epoch 27 (Val Acc: 0.1914)
2026-03-17 06:43:09,006 - INFO - Epoch 28 | Train Acc: 0.1985 | Val Acc: 0.1963 | LR: 0.000694 | Best Val so far: 0.1914
2026-03-17 06:43:09,319 - INFO - ✅ NEW BEST MODEL SAVED at epoch 28 (Val Acc: 0.1963)
2026-03-17 06:50:12,121 - INFO - Epoch 29 | Train Acc: 0.2068 | Val Acc: 0.1840 | LR: 0.000674 | Best Val so far: 0.1963
2026-03-17 06:50:12,125 - INFO - ⏳ No improvement for 1/10 epochs
2026-03-17 06:57:25,319 - INFO - Epoch 30 | Train Acc: 0.2157 | Val Acc: 0.2284 | LR: 0.000655 | Best Val so far: 0.1963
2026-03-17 06:57:25,561 - INFO - ✅ NEW BEST MODEL SAVED at epoch 30 (Val Acc: 0.2284)
2026-03-17 07:04:18,817 - INFO - Epoch 31 | Train Acc: 0.2372 | Val Acc: 0.2123 | LR: 0.000634 | Best Val so far: 0.2284
2026-03-17 07:04:18,819 - INFO - ⏳ No improvement for 1/10 epochs
2026-03-17 07:11:21,607 - INFO - Epoch 32 | Train Acc: 0.2455 | Val Acc: 0.2457 | LR: 0.000614 | Best Val so far: 0.2284
2026-03-17 07:11:21,873 - INFO - ✅ NEW BEST MODEL SAVED at epoch 32 (Val Acc: 0.2457)
2026-03-17 07:18:23,120 - INFO - Epoch 33 | Train Acc: 0.2617 | Val Acc: 0.2420 | LR: 0.000594 | Best Val so far: 0.2457
2026-03-17 07:18:23,124 - INFO - ⏳ No improvement for 1/10 epochs
2026-03-17 07:25:22,598 - INFO - Epoch 34 | Train Acc: 0.2769 | Val Acc: 0.2765 | LR: 0.000573 | Best Val so far: 0.2457
2026-03-17 07:25:22,846 - INFO - ✅ NEW BEST MODEL SAVED at epoch 34 (Val Acc: 0.2765)
2026-03-17 07:32:29,104 - INFO - Epoch 35 | Train Acc: 0.2700 | Val Acc: 0.2889 | LR: 0.000552 | Best Val so far: 0.2765
2026-03-17 07:32:29,389 - INFO - ✅ NEW BEST MODEL SAVED at epoch 35 (Val Acc: 0.2889)
2026-03-17 07:40:47,921 - INFO - Epoch 36 | Train Acc: 0.3086 | Val Acc: 0.2531 | LR: 0.000531 | Best Val so far: 0.2889
2026-03-17 07:40:47,923 - INFO - ⏳ No improvement for 1/10 epochs
2026-03-17 07:49:00,724 - INFO - Epoch 37 | Train Acc: 0.3108 | Val Acc: 0.2951 | LR: 0.000510 | Best Val so far: 0.2889
2026-03-17 07:49:01,012 - INFO - ✅ NEW BEST MODEL SAVED at epoch 37 (Val Acc: 0.2951)
2026-03-17 07:57:29,438 - INFO - Epoch 38 | Train Acc: 0.3256 | Val Acc: 0.2951 | LR: 0.000490 | Best Val so far: 0.2951
2026-03-17 07:57:29,443 - INFO - ⏳ No improvement for 1/10 epochs
2026-03-17 08:05:49,194 - INFO - Epoch 39 | Train Acc: 0.3406 | Val Acc: 0.3000 | LR: 0.000469 | Best Val so far: 0.2951
2026-03-17 08:05:49,453 - INFO - ✅ NEW BEST MODEL SAVED at epoch 39 (Val Acc: 0.3000)
2026-03-17 08:14:11,339 - INFO - Epoch 40 | Train Acc: 0.3522 | Val Acc: 0.3012 | LR: 0.000448 | Best Val so far: 0.3000
2026-03-17 08:14:11,603 - INFO - ✅ NEW BEST MODEL SAVED at epoch 40 (Val Acc: 0.3012)
2026-03-17 08:22:38,761 - INFO - Epoch 41 | Train Acc: 0.3658 | Val Acc: 0.3086 | LR: 0.000427 | Best Val so far: 0.3012
2026-03-17 08:22:39,014 - INFO - ✅ NEW BEST MODEL SAVED at epoch 41 (Val Acc: 0.3086)
2026-03-17 08:31:08,388 - INFO - Epoch 42 | Train Acc: 0.3787 | Val Acc: 0.3099 | LR: 0.000406 | Best Val so far: 0.3086
2026-03-17 08:31:08,648 - INFO - ✅ NEW BEST MODEL SAVED at epoch 42 (Val Acc: 0.3099)
2026-03-17 08:39:38,120 - INFO - Epoch 43 | Train Acc: 0.3912 | Val Acc: 0.3321 | LR: 0.000386 | Best Val so far: 0.3099
2026-03-17 08:39:38,379 - INFO - ✅ NEW BEST MODEL SAVED at epoch 43 (Val Acc: 0.3321)
2026-03-17 08:47:06,958 - INFO - Epoch 44 | Train Acc: 0.3924 | Val Acc: 0.3272 | LR: 0.000366 | Best Val so far: 0.3321
2026-03-17 08:47:06,965 - INFO - ⏳ No improvement for 1/10 epochs
2026-03-17 09:12:39,661 - INFO - Epoch 45 | Train Acc: 0.4030 | Val Acc: 0.3519 | LR: 0.000345 | Best Val so far: 0.3321
2026-03-17 09:12:39,905 - INFO - ✅ NEW BEST MODEL SAVED at epoch 45 (Val Acc: 0.3519)
2026-03-17 09:21:58,305 - INFO - Epoch 46 | Train Acc: 0.4297 | Val Acc: 0.3556 | LR: 0.000326 | Best Val so far: 0.3519
2026-03-17 09:21:58,585 - INFO - ✅ NEW BEST MODEL SAVED at epoch 46 (Val Acc: 0.3556)
2026-03-17 09:31:25,082 - INFO - Epoch 47 | Train Acc: 0.4311 | Val Acc: 0.3519 | LR: 0.000306 | Best Val so far: 0.3556
2026-03-17 09:31:25,083 - INFO - ⏳ No improvement for 1/10 epochs
2026-03-17 09:40:28,848 - INFO - Epoch 48 | Train Acc: 0.4486 | Val Acc: 0.3605 | LR: 0.000287 | Best Val so far: 0.3556
2026-03-17 09:40:29,128 - INFO - ✅ NEW BEST MODEL SAVED at epoch 48 (Val Acc: 0.3605)
2026-03-17 09:48:59,464 - INFO - Epoch 49 | Train Acc: 0.4644 | Val Acc: 0.3951 | LR: 0.000268 | Best Val so far: 0.3605
2026-03-17 09:48:59,716 - INFO - ✅ NEW BEST MODEL SAVED at epoch 49 (Val Acc: 0.3951)
2026-03-17 09:59:47,715 - INFO - Epoch 50 | Train Acc: 0.4813 | Val Acc: 0.3815 | LR: 0.000250 | Best Val so far: 0.3951
2026-03-17 09:59:47,721 - INFO - ⏳ No improvement for 1/10 epochs
2026-03-17 10:24:02,455 - INFO - Epoch 51 | Train Acc: 0.4947 | Val Acc: 0.3938 | LR: 0.000232 | Best Val so far: 0.3951
2026-03-17 10:24:02,458 - INFO - ⏳ No improvement for 2/10 epochs
2026-03-17 10:32:04,082 - INFO - Epoch 52 | Train Acc: 0.5037 | Val Acc: 0.3815 | LR: 0.000215 | Best Val so far: 0.3951
2026-03-17 10:32:04,083 - INFO - ⏳ No improvement for 3/10 epochs
2026-03-17 10:40:11,219 - INFO - Epoch 53 | Train Acc: 0.5232 | Val Acc: 0.4074 | LR: 0.000198 | Best Val so far: 0.3951
2026-03-17 10:40:11,480 - INFO - ✅ NEW BEST MODEL SAVED at epoch 53 (Val Acc: 0.4074)
2026-03-17 10:47:58,357 - INFO - Epoch 54 | Train Acc: 0.5299 | Val Acc: 0.4185 | LR: 0.000181 | Best Val so far: 0.4074
2026-03-17 10:47:58,618 - INFO - ✅ NEW BEST MODEL SAVED at epoch 54 (Val Acc: 0.4185)
2026-03-17 10:56:02,068 - INFO - Epoch 55 | Train Acc: 0.5447 | Val Acc: 0.3963 | LR: 0.000165 | Best Val so far: 0.4185
2026-03-17 10:56:02,069 - INFO - ⏳ No improvement for 1/10 epochs
2026-03-17 11:03:32,588 - INFO - Epoch 56 | Train Acc: 0.5539 | Val Acc: 0.4370 | LR: 0.000150 | Best Val so far: 0.4185
2026-03-17 11:03:32,918 - INFO - ✅ NEW BEST MODEL SAVED at epoch 56 (Val Acc: 0.4370)
2026-03-17 11:08:59,174 - INFO - Epoch 57 | Train Acc: 0.5653 | Val Acc: 0.4148 | LR: 0.000136 | Best Val so far: 0.4370
2026-03-17 11:08:59,179 - INFO - ⏳ No improvement for 1/10 epochs
2026-03-17 11:14:45,440 - INFO - Epoch 58 | Train Acc: 0.5660 | Val Acc: 0.4111 | LR: 0.000122 | Best Val so far: 0.4370
2026-03-17 11:14:45,444 - INFO - ⏳ No improvement for 2/10 epochs
2026-03-17 11:20:52,100 - INFO - Epoch 59 | Train Acc: 0.5719 | Val Acc: 0.4259 | LR: 0.000108 | Best Val so far: 0.4370
2026-03-17 11:20:52,103 - INFO - ⏳ No improvement for 3/10 epochs
2026-03-17 11:27:23,314 - INFO - Epoch 60 | Train Acc: 0.5842 | Val Acc: 0.4333 | LR: 0.000095 | Best Val so far: 0.4370
2026-03-17 11:27:23,315 - INFO - ⏳ No improvement for 4/10 epochs
2026-03-17 11:34:00,786 - INFO - Epoch 61 | Train Acc: 0.5976 | Val Acc: 0.4469 | LR: 0.000084 | Best Val so far: 0.4370
2026-03-17 11:34:01,097 - INFO - ✅ NEW BEST MODEL SAVED at epoch 61 (Val Acc: 0.4469)
2026-03-17 11:41:07,319 - INFO - Epoch 62 | Train Acc: 0.6007 | Val Acc: 0.4309 | LR: 0.000072 | Best Val so far: 0.4469
2026-03-17 11:41:07,322 - INFO - ⏳ No improvement for 1/10 epochs
2026-03-17 11:48:42,919 - INFO - Epoch 63 | Train Acc: 0.6221 | Val Acc: 0.4556 | LR: 0.000062 | Best Val so far: 0.4469
2026-03-17 11:48:43,172 - INFO - ✅ NEW BEST MODEL SAVED at epoch 63 (Val Acc: 0.4556)
2026-03-17 11:56:06,465 - INFO - Epoch 64 | Train Acc: 0.6074 | Val Acc: 0.4580 | LR: 0.000052 | Best Val so far: 0.4556
2026-03-17 11:56:06,765 - INFO - ✅ NEW BEST MODEL SAVED at epoch 64 (Val Acc: 0.4580)
2026-03-17 12:03:28,815 - INFO - Epoch 65 | Train Acc: 0.6245 | Val Acc: 0.4506 | LR: 0.000043 | Best Val so far: 0.4580
2026-03-17 12:03:28,816 - INFO - ⏳ No improvement for 1/10 epochs
2026-03-17 12:11:40,155 - INFO - Epoch 66 | Train Acc: 0.6263 | Val Acc: 0.4630 | LR: 0.000035 | Best Val so far: 0.4580
2026-03-17 12:11:40,434 - INFO - ✅ NEW BEST MODEL SAVED at epoch 66 (Val Acc: 0.4630)
2026-03-17 12:20:00,599 - INFO - Epoch 67 | Train Acc: 0.6277 | Val Acc: 0.4568 | LR: 0.000028 | Best Val so far: 0.4630
2026-03-17 12:20:00,601 - INFO - ⏳ No improvement for 1/10 epochs
2026-03-17 12:28:50,989 - INFO - Epoch 68 | Train Acc: 0.6152 | Val Acc: 0.4605 | LR: 0.000021 | Best Val so far: 0.4630
2026-03-17 12:28:50,993 - INFO - ⏳ No improvement for 2/10 epochs
2026-03-17 12:38:05,174 - INFO - Epoch 69 | Train Acc: 0.6175 | Val Acc: 0.4605 | LR: 0.000016 | Best Val so far: 0.4630
2026-03-17 12:38:05,178 - INFO - ⏳ No improvement for 3/10 epochs
2026-03-17 12:46:31,858 - INFO - Epoch 70 | Train Acc: 0.6321 | Val Acc: 0.4593 | LR: 0.000011 | Best Val so far: 0.4630
2026-03-17 12:46:31,863 - INFO - ⏳ No improvement for 4/10 epochs
2026-03-17 12:54:48,557 - INFO - Epoch 71 | Train Acc: 0.6462 | Val Acc: 0.4630 | LR: 0.000004 | Best Val so far: 0.4630
2026-03-17 12:54:48,563 - INFO - ⏳ No improvement for 5/10 epochs
2026-03-17 13:03:27,489 - INFO - Epoch 72 | Train Acc: 0.6340 | Val Acc: 0.4568 | LR: 0.000002 | Best Val so far: 0.4630
2026-03-17 13:03:27,493 - INFO - ⏳ No improvement for 6/10 epochs
2026-03-17 13:11:50,043 - INFO - Epoch 73 | Train Acc: 0.6331 | Val Acc: 0.4519 | LR: 0.000001 | Best Val so far: 0.4630
2026-03-17 13:11:50,047 - INFO - ⏳ No improvement for 7/10 epochs
2026-03-17 13:19:19,740 - INFO - Epoch 74 | Train Acc: 0.6349 | Val Acc: 0.4568 | LR: 0.000000 | Best Val so far: 0.4630
2026-03-17 13:19:19,744 - INFO - ⏳ No improvement for 8/10 epochs
2026-03-17 13:26:28,243 - INFO - Epoch 75 | Train Acc: 0.6379 | Val Acc: 0.4617 | LR: 0.000000 | Best Val so far: 0.4630
2026-03-17 13:26:28,247 - INFO - ⏳ No improvement for 9/10 epochs
2026-03-17 13:27:20,143 - INFO - 🎯 FINAL TEST ACCURACY: 0.4438 (719/1620)
2026-03-17 13:27:20,145 - INFO - 🎉 Training completed! Best Val Acc: 0.4630 at epoch 66
2026-03-17 13:27:20,177 - INFO - ✅ Program completed successfully
