2026-03-15 03:08:13,843 - INFO - Logging initialized → fighter_id5_20260315_030813.log
2026-03-15 03:08:13,910 - INFO - Using device: mps
2026-03-15 03:08:14,125 - INFO - ✅ Using 'crop' folder (101 real fighter classes)
2026-03-15 03:08:14,188 - INFO - ✅ Loaded 41441 images, 101 classes
2026-03-15 03:10:14,817 - WARNING - macOS SSL workaround applied for ResNet weights
2026-03-15 03:11:14,880 - INFO - Starting training (max 30 epochs, early stopping patience = 5)
2026-03-15 03:38:45,096 - INFO - Epoch 1 | Train Acc: 0.0319 | Val Acc: 0.0071 | LR: 0.000499
2026-03-15 03:38:45,592 - INFO - ✅ New best model saved at epoch 1 (Val Acc: 0.0071)
2026-03-15 04:20:38,221 - INFO - Epoch 2 | Train Acc: 0.0684 | Val Acc: 0.0142 | LR: 0.000495
2026-03-15 04:20:38,500 - INFO - ✅ New best model saved at epoch 2 (Val Acc: 0.0142)
2026-03-15 04:54:25,447 - INFO - Epoch 3 | Train Acc: 0.1078 | Val Acc: 0.0294 | LR: 0.000488
2026-03-15 04:54:25,699 - INFO - ✅ New best model saved at epoch 3 (Val Acc: 0.0294)
2026-03-15 05:24:37,594 - INFO - Epoch 4 | Train Acc: 0.1550 | Val Acc: 0.0571 | LR: 0.000478
2026-03-15 05:24:37,811 - INFO - ✅ New best model saved at epoch 4 (Val Acc: 0.0571)
2026-03-15 05:59:09,732 - INFO - Epoch 5 | Train Acc: 0.2068 | Val Acc: 0.0806 | LR: 0.000467
2026-03-15 05:59:09,957 - INFO - ✅ New best model saved at epoch 5 (Val Acc: 0.0806)
2026-03-15 06:29:01,828 - INFO - Epoch 6 | Train Acc: 0.2466 | Val Acc: 0.0916 | LR: 0.000452
2026-03-15 06:29:02,049 - INFO - ✅ New best model saved at epoch 6 (Val Acc: 0.0916)
2026-03-15 07:03:46,505 - INFO - Epoch 7 | Train Acc: 0.3011 | Val Acc: 0.1215 | LR: 0.000436
2026-03-15 07:03:46,765 - INFO - ✅ New best model saved at epoch 7 (Val Acc: 0.1215)
2026-03-15 07:33:30,433 - INFO - Epoch 8 | Train Acc: 0.3490 | Val Acc: 0.1461 | LR: 0.000417
2026-03-15 07:33:30,671 - INFO - ✅ New best model saved at epoch 8 (Val Acc: 0.1461)
2026-03-15 08:03:08,361 - INFO - Epoch 9 | Train Acc: 0.3980 | Val Acc: 0.1910 | LR: 0.000397
2026-03-15 08:03:08,616 - INFO - ✅ New best model saved at epoch 9 (Val Acc: 0.1910)
2026-03-15 08:37:11,963 - INFO - Epoch 10 | Train Acc: 0.4432 | Val Acc: 0.2016 | LR: 0.000375
2026-03-15 08:37:12,192 - INFO - ✅ New best model saved at epoch 10 (Val Acc: 0.2016)
2026-03-15 09:11:12,882 - INFO - Epoch 11 | Train Acc: 0.4871 | Val Acc: 0.2414 | LR: 0.000352
2026-03-15 09:11:13,130 - INFO - ✅ New best model saved at epoch 11 (Val Acc: 0.2414)
2026-03-15 09:40:28,612 - INFO - Epoch 12 | Train Acc: 0.5157 | Val Acc: 0.2613 | LR: 0.000327
2026-03-15 09:40:28,858 - INFO - ✅ New best model saved at epoch 12 (Val Acc: 0.2613)
2026-03-15 10:14:41,466 - INFO - Epoch 13 | Train Acc: 0.5593 | Val Acc: 0.3085 | LR: 0.000302
2026-03-15 10:14:41,708 - INFO - ✅ New best model saved at epoch 13 (Val Acc: 0.3085)
2026-03-15 10:44:19,927 - INFO - Epoch 14 | Train Acc: 0.5919 | Val Acc: 0.3130 | LR: 0.000276
2026-03-15 10:44:20,159 - INFO - ✅ New best model saved at epoch 14 (Val Acc: 0.3130)
2026-03-15 11:19:23,333 - INFO - Epoch 15 | Train Acc: 0.6130 | Val Acc: 0.3456 | LR: 0.000250
2026-03-15 11:19:23,601 - INFO - ✅ New best model saved at epoch 15 (Val Acc: 0.3456)
2026-03-15 12:03:31,738 - INFO - Epoch 16 | Train Acc: 0.6379 | Val Acc: 0.3639 | LR: 0.000224
2026-03-15 12:03:31,992 - INFO - ✅ New best model saved at epoch 16 (Val Acc: 0.3639)
2026-03-15 12:31:57,500 - INFO - Epoch 17 | Train Acc: 0.6681 | Val Acc: 0.4019 | LR: 0.000198
2026-03-15 12:31:57,788 - INFO - ✅ New best model saved at epoch 17 (Val Acc: 0.4019)
2026-03-15 14:14:12,333 - INFO - Epoch 18 | Train Acc: 0.6948 | Val Acc: 0.3954 | LR: 0.000173
2026-03-15 14:14:12,336 - INFO - ⏳ No improvement for 1/5 epochs
2026-03-15 14:39:12,261 - INFO - Epoch 19 | Train Acc: 0.7069 | Val Acc: 0.4344 | LR: 0.000148
2026-03-15 14:39:12,493 - INFO - ✅ New best model saved at epoch 19 (Val Acc: 0.4344)
2026-03-15 15:11:26,309 - INFO - Epoch 20 | Train Acc: 0.7289 | Val Acc: 0.4455 | LR: 0.000125
2026-03-15 15:11:26,634 - INFO - ✅ New best model saved at epoch 20 (Val Acc: 0.4455)
2026-03-15 15:52:33,214 - INFO - Epoch 21 | Train Acc: 0.7497 | Val Acc: 0.4690 | LR: 0.000103
2026-03-15 15:52:33,530 - INFO - ✅ New best model saved at epoch 21 (Val Acc: 0.4690)
2026-03-15 16:29:21,487 - INFO - Epoch 22 | Train Acc: 0.7664 | Val Acc: 0.4724 | LR: 0.000083
2026-03-15 16:29:21,727 - INFO - ✅ New best model saved at epoch 22 (Val Acc: 0.4724)
2026-03-15 17:40:44,893 - INFO - Epoch 23 | Train Acc: 0.7765 | Val Acc: 0.4864 | LR: 0.000064
2026-03-15 17:40:45,128 - INFO - ✅ New best model saved at epoch 23 (Val Acc: 0.4864)
2026-03-15 21:36:31,041 - INFO - Epoch 24 | Train Acc: 0.7941 | Val Acc: 0.4960 | LR: 0.000048
2026-03-15 21:36:31,330 - INFO - ✅ New best model saved at epoch 24 (Val Acc: 0.4960)
2026-03-15 22:01:40,099 - INFO - Epoch 25 | Train Acc: 0.8040 | Val Acc: 0.5148 | LR: 0.000033
2026-03-15 22:01:40,336 - INFO - ✅ New best model saved at epoch 25 (Val Acc: 0.5148)
2026-03-15 22:34:20,904 - INFO - Epoch 26 | Train Acc: 0.8101 | Val Acc: 0.5200 | LR: 0.000022
2026-03-15 22:34:21,193 - INFO - ✅ New best model saved at epoch 26 (Val Acc: 0.5200)
2026-03-15 23:09:49,517 - INFO - Epoch 27 | Train Acc: 0.8185 | Val Acc: 0.5208 | LR: 0.000012
2026-03-15 23:09:49,805 - INFO - ✅ New best model saved at epoch 27 (Val Acc: 0.5208)
2026-03-15 23:40:00,760 - INFO - Epoch 28 | Train Acc: 0.8264 | Val Acc: 0.5218 | LR: 0.000005
2026-03-15 23:40:01,004 - INFO - ✅ New best model saved at epoch 28 (Val Acc: 0.5218)
2026-03-16 00:13:09,714 - INFO - Epoch 29 | Train Acc: 0.8250 | Val Acc: 0.5236 | LR: 0.000001
2026-03-16 00:13:10,091 - INFO - ✅ New best model saved at epoch 29 (Val Acc: 0.5236)
2026-03-16 00:49:00,502 - INFO - Epoch 30 | Train Acc: 0.8313 | Val Acc: 0.5262 | LR: 0.000000
2026-03-16 00:49:00,757 - INFO - ✅ New best model saved at epoch 30 (Val Acc: 0.5262)
2026-03-16 00:50:38,631 - INFO - 🎯 FINAL TEST ACCURACY: 0.5370 (2226/4145)
2026-03-16 00:50:38,632 - INFO - 🎉 Training completed! Best Val Acc: 0.5262 at epoch 30
2026-03-16 00:50:38,656 - INFO - ✅ Program completed successfully
